#@description A list of vertex generators
#@key_label   "name"
#@meta_label  "type"

[name="commissioning.arbitrary_vertex" type="genvtx::spot_vertex_generator"]
  #@config Vertex generation from an arbitrary point in the geometry
  logging.priority  : string = "fatal"
  spot.x : real as length = 0 mm
  spot.y : real as length = 0 mm
  spot.z : real as length = 0 mm


[name="commissioning.all_spots" type="genvtx::cylinder_model_vg"]
  #@config Vertex generation from from a commissioning spot
  logging.priority  : string = "fatal"
  geometry.setup_requirement : string = "snemo::demonstrator(>=4)"
  origin : string  = "category='commissioning_source_spot' module={*} column={*} row={*}"
  mode   : string  = "bulk"


[name="commissioning.single_spot" type="genvtx::cylinder_model_vg"]
  #@config Vertex generation from from a commissioning spot
  logging.priority  : string = "fatal"
  geometry.setup_requirement : string = "snemo::demonstrator(>=4)"
  origin.category : string = "commissioning_source_spot"
    origin.address.module : integer = 0
    origin.address.column : integer = @variant(vertexes.commissioning:type/if_single_spot/column|0)
    origin.address.row    : integer = @variant(vertexes.commissioning:type/if_single_spot/row|0)
  mode   : string  = "bulk"

