#@description A list of vertex generators
#@key_label   "name"
#@meta_label  "type"

[name="calo_wrapper_bulk" type="genvtx::box_model_vg"]
  #@config Vertex generation from the bulk of the main calorimeter wrapper;group=Scintillator
  logging.priority : string = "warning"
  origin : string  = "category='calorimeter_wrapper' module={*} side={*} column={*} row={*}"
  mode   : string  = "bulk"


[name="xcalo_wrapper_bulk" type="genvtx::box_model_vg"]
  #@config Vertex generation from the bulk of the X-wall calorimeter wrapper;group=Scintillator
  logging.priority : string = "warning"
  origin : string  = "category='xcalo_wrapper' module={*} side={*} column={*} row={*}"
  mode   : string  = "bulk"


[name="gveto_wrapper_bulk" type="genvtx::box_model_vg"]
  #@config Vertex generation from the bulk of the gamma veto wrapper;group=Scintillator
  logging.priority : string = "warning"
  origin : string  = "category='gveto_wrapper' module={*} side={*} wall={*} column={*}"
  mode   : string  = "bulk"


[name="calo_wrapper_surface" type="genvtx::box_model_vg"]
  #@config Vertex generation from the surface of the main calorimeter wrapper;group=Scintillator
  logging.priority : string = "warning"
  origin : string  = "category='calorimeter_wrapper' module={*} side={*} column={*} row={*}"
  mode   : string  = "surface"
  mode.surface.top  : boolean = 1


[name="xcalo_wrapper_surface" type="genvtx::box_model_vg"]
  #@config Vertex generation from the surface of the X-wall calorimeter wrapper;group=Scintillator
  logging.priority : string = "warning"
  origin : string  = "category='xcalo_wrapper' module={*} side={*} column={*} row={*}"
  mode   : string  = "surface"
    mode.surface.top  : boolean = 1


[name="gveto_wrapper_surface" type="genvtx::box_model_vg"]
  #@config Vertex generation from the surface of the gamma veto wrapper;group=Scintillator
  logging.priority : string = "warning"
  origin : string  = "category='gveto_wrapper' module={*} side={*} wall={*} column={*}"
  mode   : string  = "surface"
    mode.surface.top  : boolean = 1


[name="calo_8inch_front_scin_bulk" type="genvtx::box_model_vg"]
  #@config Vertex generation from the bulk of the main calorimeter wrapper;group=Scintillator
  logging.priority : string = "warning"
  origin : string  = "category='calorimeter_block' module={*} side={*} column={*} row={1;2;3;4;5;6;7;8;9;10;11} part={1}"
  mode   : string  = "bulk"


[name="calo_8inch_back_scin_bulk" type="genvtx::box_model_vg"]
  #@config Vertex generation from the bulk of the main calorimeter wrapper;group=Scintillator
  logging.priority : string = "warning"
  geometry.setup_requirement : string = "snemo::demonstrator(>=4)"
  origin : string  = "category='calorimeter_block' module={*} side={*} column={*} row={1;2;3;4;5;6;7;8;9;10;11} part={0}"
  mode   : string  = "bulk"
  ometry.setup_requirement : string = "snemo"
  use_bounding_box : boolean = true
  vertex_validation_support : boolean = true
    validation.logging.priority : string = "warning"
    validation.activation : boolean = true
    validation.maximum_number_of_tries : integer = 1000
    validation.validator_id : string = "genvtx::in_materials_vertex_validator"
    validation.validator_params.materials.ref : string[1] = "ENVINET_PS_scintillator"
    validation.validator_params.max_depth : integer = 100
    validation.validator_params.logging.priority : string = "warning"


[name="calo_8inch_scin_bulk" type="genvtx::combined_model_vg"]
  #@config Vertex generation from the bulk of the main calorimeter 8 inch OMs scin wrapper;group=Scintillator
  generators : string[2] = "calo_8inch_back_scin_bulk" "calo_8inch_front_scin_bulk"
    generators.calo_8inch_back_scin_bulk.volume_activity  : real as volume_activity = 1 Bq/m3
    generators.calo_8inch_front_scin_bulk.volume_activity : real as volume_activity = 1 Bq/m3


[name="calo_5inch_front_scin_bulk" type="genvtx::box_model_vg"]
  #@config Vertex generation from the bulk of the main calorimeter wrapper;group=Scintillator
  logging.priority : string = "warning"
  origin : string  = "category='calorimeter_block' module={*} side={*} column={*} row={0;12} part={1}"
  mode   : string  = "bulk"

