#@description A list of vertex generators
#@key_label   "name"
#@meta_label  "type"

[name="source_strips_internal_bulk" type="snemo::genvertex::boxed_model_vg"]
  #@config Vertex generation from the bulk volume of the inner source strips
  debug  : boolean = 0
  geometry.setup_requirement : string = "snemo::demonstrator(>=2)"
  origin : string  = "category=source_strip module={*} strip=[1;34]"
  mode   : string  = "bulk"


[name="source_strips_external_bulk" type="snemo::genvertex::boxed_model_vg"]
  #@config Vertex generation from the bulk volume of the outer source strips
  debug  : boolean = 0
  geometry.setup_requirement : string = "snemo::demonstrator(>=2)"
  origin : string  = "category=source_strip module={*} strip={0;35}"
  mode   : string  = "bulk"


[name="source_strips_bulk" type="snemo::genvertex::combined_vg"]
  #@config Vertex generation from the bulk volume of the source strips
  debug  : boolean = 0
  generators : string[2]  = "source_strips_external_bulk" "source_strips_internal_bulk"
    generators.source_strips_external_bulk.absolute_weight : real  = 0.054
    generators.source_strips_internal_bulk.absolute_weight : real  = 1.0


[name="source_strips_internal_surface" type="snemo::genvertex::boxed_model_vg"]
  #@config Vertex generation from the surface of the inner source strips
  geometry.setup_requirement : string = "snemo::demonstrator(>=2)"
  origin : string  = "category=source_strip module={*} strip=[1;34]"
  mode   : string  = "surface"
    mode.surface.back  : boolean = 1
    mode.surface.front : boolean = 1


[name="source_strips_external_surface" type="snemo::genvertex::boxed_model_vg"]
  #@config Vertex generation from the surface of the outer source strips
  geometry.setup_requirement : string = "snemo::demonstrator(>=2)"
  origin : string  = "category=source_strip module={*} strip={0;35}"
  mode   : string  = "surface"
    mode.surface.back  : boolean = 1
    mode.surface.front : boolean = 1


[name="source_strips_surface" type="snemo::genvertex::combined_vg"]
  #@config Vertex generation from the surface of the source strips
  debug  : boolean = 0
  generators : string[2] = \
    "source_strips_internal_surface" \
    "source_strips_external_surface"
    generators.source_strips_external_surface.absolute_weight : real  = 0.054
    generators.source_strips_internal_surface.absolute_weight : real  = 1.0

