#@description A list of vertex generators
#@key_label   "name"
#@meta_label  "type"

[name="external_shield_surface" type="genvtx::box_model_vg"]
  #@config Vertex generation from the surface of the external shield (side=0)
  logging.priority : string = "notice"
  origin              : string  = "category='external_shield' side={0}"
  mode                : string  = "surface"
    mode.surface.bottom : boolean = 1
    mode.surface.top    : boolean = 0
    mode.surface.back   : boolean = 0
    mode.surface.front  : boolean = 0
    mode.surface.left   : boolean = 0
    mode.surface.right  : boolean = 0


[name="external_shield_bulk" type="genvtx::box_model_vg"]
  #@config Vertex generation from the bulk volume of the external shield plate (side=0)
  logging.priority : string = "notice"
  origin : string  = "category='external_shield' side={0}"
  mode   : string  = "bulk"


[name="external_shield_bulk_all" type="genvtx::box_model_vg"]
  #@config Vertex generation from the bulk volume of the external shield plates
  logging.priority : string = "notice"
  origin : string  = "category='external_shield' side={*}"
  mode   : string  = "bulk"

