#@description A list of vertex generators
#@key_label   "name"
#@meta_label  "type"

[name="anode_wire_bulk" type="genvtx::cylinder_model_vg"]
  #@config Vertex generation from the bulk volume of the anode wires
  logging.priority  : string = "warning"
  origin : string  = "category='drift_cell_anodic_wire' module={*} side={*} layer={*} row={*}"
  mode   : string  = "bulk"


[name="anode_wire_surface" type="genvtx::cylinder_model_vg"]
  #@config Vertex generation from the surface of the anode wires
  logging.priority  : string = "warning"
  origin : string  = "category='drift_cell_anodic_wire' module={*} side={*} layer={*} row={*}"
  mode   : string  = "surface"
    mode.surface.side   : boolean = 1
    mode.surface.bottom : boolean = 0
    mode.surface.top    : boolean = 0


[name="field_wire_bulk" type="genvtx::cylinder_model_vg"]
  #@config Vertex generation from the bulk volume of the field wires
  logging.priority  : string = "warning"
  origin : string  = "category='drift_cell_field_wire' module={*} side={*} layer={*} row={*} set={*} wire={*}"
  mode   : string  = "bulk"


[name="field_wire_surface" type="genvtx::cylinder_model_vg"]
  #@config Vertex generation from the surface of the field wires
  logging.priority  : string = "warning"
  origin : string  = "category='drift_cell_field_wire' module={*} side={*} layer={*} row={*} set={*} wire={*}"
  mode   : string  = "surface"
  mode.surface.side   : boolean = 1
  mode.surface.bottom : boolean = 0
  mode.surface.top    : boolean = 0

