#@description A list of vertex generators
#@key_label   "name"
#@meta_label  "type"

[name="calo_wrapper_bulk" type="snemo::genvertex::boxed_model_vg"]
  # Generate vertex on the bulk volume of the wrapper for the main calorimeter's scintillator blocks:
  debug  : boolean = 0
  origin : string  = "category=calorimeter_wrapper module={*} side={*} column={*} row={*}"
  mode   : string  = "bulk"

[name="xcalo_wrapper_bulk" type="snemo::genvertex::boxed_model_vg"]
  # Generate vertex on the bulk volume of the wrapper for the X-calorimeter's scintillator blocks:
  debug  : boolean = 0
  origin : string  = "category=xcalo_wrapper module={*} side={*} column={*} row={*}"
  mode   : string  = "bulk"

[name="gveto_wrapper_bulk" type="snemo::genvertex::boxed_model_vg"]
  # Generate vertex on the bulk volume of the wrapper for the X-calorimeter's scintillator blocks:
  debug  : boolean = 0
  origin : string  = "category=gveto_wrapper module={*} side={*} wall={*} column={*}"
  mode   : string  = "bulk"

[name="calo_wrapper_surface" type="snemo::genvertex::boxed_model_vg"]
  # Generate vertex on the bulk volume of the wrapper for the main calorimeter's scintillator blocks:
  debug  : boolean = 0
  origin : string  = "category=calorimeter_wrapper module={*} side={*} column={*} row={*}"
  mode   : string  = "surface"
    mode.surface.top  : boolean = 1

[name="xcalo_wrapper_surface" type="snemo::genvertex::boxed_model_vg"]
   # Generate vertex on the bulk volume of the wrapper for the main calorimeter's scintillator blocks:
  debug  : boolean = 0
  origin : string  = "category=xcalo_wrapper module={*} side={*} column={*} row={*}"
  mode   : string  = "surface"
    mode.surface.top  : boolean = 1

[name="gveto_wrapper_surface" type="snemo::genvertex::boxed_model_vg"]
  # Generate vertex on the bulk volume of the wrapper for the main calorimeter's scintillator blocks:
  debug  : boolean = 0
  origin : string  = "category=gveto_wrapper module={*} side={*} wall={*} column={*}"
  mode   : string  = "surface"
    mode.surface.top  : boolean = 1

