#@description A list of vertex generators
#@key_label   "name"
#@meta_label  "type"

[name="anode_wire_bulk" type="snemo::genvertex::cylinder_model_vg"]
  # Generate vertex from the bulk volume of the anode wires:
  debug  : boolean = 0
  origin : string  = "category=drift_cell_anodic_wire module={*} side={*} layer={*} row={*}"
  mode   : string  = "bulk"


[name="anode_wire_surface" type="snemo::genvertex::cylinder_model_vg"]
  # Generate vertex on the surface of the anode wires:
  debug  : boolean = 0
  origin : string  = "category=drift_cell_anodic_wire module={*} side={*} layer={*} row={*}"
  mode   : string  = "surface"
    mode.surface.side   : boolean = 1
    mode.surface.bottom : boolean = 0
    mode.surface.top    : boolean = 0


[name="field_wire_bulk" type="snemo::genvertex::cylinder_model_vg"]
  # Generate vertex from the bulk volume of the field wires:
  debug  : boolean = 0
  origin : string  = "category=drift_cell_field_wire module={*} side={*} layer={*} row={*} set={*} wire={*}"
  mode   : string  = "bulk"


[name="field_wire_surface" type="snemo::genvertex::cylinder_model_vg"]
  # Generate vertex on the surface of the anode wires:
  debug  : boolean = 0
  origin : string  = "category=drift_cell_field_wire module={*} side={*} layer={*} row={*} set={*} wire={*}"
  mode   : string  = "surface"
    mode.surface.side   : boolean = 1
    mode.surface.bottom : boolean = 0
    mode.surface.top    : boolean = 0

